<?xml version="1.0" encoding="UTF-8"?>
<!-- Generated by org.testng.reporters.JUnitReportReporter -->
<testsuite skipped="0" hostname="DESKTOP-2FI50H2" name="Testscripts.Testscript1" tests="2" failures="0" timestamp="20 Nov 2018 15:23:55 GMT" time="38.315" errors="0">
  <testcase name="teamscanapp" time="29.337" classname="Testscripts.Testscript1"/>
  <testcase name="teamscamapppage" time="8.978" classname="Testscripts.Testscript1"/>
</testsuite> <!-- Testscripts.Testscript1 -->
