<?xml version="1.0" encoding="UTF-8"?>
<!-- Generated by org.testng.reporters.JUnitReportReporter -->
<testsuite skipped="0" hostname="DESKTOP-2FI50H2" name="Testscripts.Testscript1" tests="1" failures="0" timestamp="04 Dec 2018 10:37:00 GMT" time="35.162" errors="0">
  <testcase name="TSAcalfromnew" time="35.162" classname="Testscripts.Testscript1"/>
</testsuite> <!-- Testscripts.Testscript1 -->
